<?xml version="1.0" encoding="UTF-8"?>
<testsuite name="com.latam.miprueba.CalculadoraTest" tests="7" skipped="0" failures="0" errors="0" timestamp="2017-07-24T19:33:51" hostname="NXRLT2" time="0.361">
  <properties/>
  <testcase name="verificarRetornoNoNulo" classname="com.latam.miprueba.CalculadoraTest" time="0.003"/>
  <testcase name="verificarError" classname="com.latam.miprueba.CalculadoraTest" time="0.001"/>
  <testcase name="retornoValor" classname="com.latam.miprueba.CalculadoraTest" time="0.0"/>
  <testcase name="pruebaNull" classname="com.latam.miprueba.CalculadoraTest" time="0.334"/>
  <testcase name="integridadRetturn" classname="com.latam.miprueba.CalculadoraTest" time="0.011"/>
  <testcase name="asignarValorTest" classname="com.latam.miprueba.CalculadoraTest" time="0.001"/>
  <testcase name="verificarSuma" classname="com.latam.miprueba.CalculadoraTest" time="0.001"/>
  <system-out><![CDATA[]]></system-out>
  <system-err><![CDATA[]]></system-err>
</testsuite>
